hello worldhello worldhello worldhello world
hello world
2019-05-04 00:39:37 : emergency : hello world
[2019-05-04 00:40:37 069]:emergency : hello world
[2019-05-04 00:40:48 070]:emergency : hello world
[2019-05-04 00:40:50 070]:emergency : hello world
[2019-05-04 00:40:51 070]:emergency : hello world
[2019-05-04 00:40:52 070]:emergency : hello world
[2019-05-04 00:40:52 070]:emergency : hello world
[2019-05-04 00:40:54 070]:emergency : hello world
[2019-05-04 00:40:55 070]:emergency : hello world
[2019-05-04 00:42:52 071]:emergency : hello world
[2019-05-04 00:42:54 071]:emergency : hello world
[2019-05-04 00:42:55 071]:emergency : hello world
[2019-05-04 00:42:56 071]:emergency : hello world
[2019-05-04 00:42:56 071]:emergency : hello world
[2019-05-04 00:42:56 071]:emergency : hello world
[2019-05-04 00:48:14 075]:emergency : hello world
[2019-05-04 00:50:53 077]:debug : hello world
[2019-05-04 00:52:33 078]:debug : hello world
[2019-05-04 00:56:30 080]:debug : hello world
[2019-05-04 00:56:30 080]:debug : destructing
[2019-05-04 01:47:31 116]:debug : hello world
[2019-05-04 01:51:47 119]:debug : hello world
[2019-05-04 01:53:51 120]:debug : hello world
[2019-05-04 02:17:08 136]:debug : hello world
[2019-05-04 02:17:37 137]:debug : hello world
[2019-05-04 02:17:38 137]:debug : hello world
[2019-05-04 02:17:49 137]:debug : hello world
[2019-05-04 02:50:49 160]:debug : hello world
[2019-05-04 03:02:05 168]:debug : hello world
[2019-05-04 03:07:42 172]:debug : hello world
[2019-05-04 03:08:56 172]:debug : hello world
[2019-05-04 03:25:34 184]:debug : hello world
[2019-05-04 03:25:39 184]:debug : hello world
[2019-05-04 03:27:18 185]:debug : hello world
[2019-05-04 03:28:23 186]:debug : hello world
[2019-05-04 03:30:18 187]:debug : hello world
[2019-05-04 03:30:19 187]:debug : hello world
[2019-05-04 03:31:55 188]:debug : hello world
[2019-05-04 03:31:57 188]:debug : hello world
[2019-05-04 03:32:00 188]:debug : hello world
[2019-05-04 03:32:03 188]:debug : hello world
[2019-05-04 03:32:06 188]:debug : hello world
[2019-05-04 03:32:24 189]:debug : hello world
[2019-05-04 03:32:26 189]:debug : hello world
[2019-05-04 03:32:30 189]:debug : hello world
[2019-05-04 03:32:59 189]:debug : hello world
[2019-05-04 03:33:02 189]:debug : hello world
[2019-05-04 03:33:10 189]:debug : hello world
[2019-05-04 03:33:16 189]:debug : hello world
[2019-05-04 03:35:13 191]:debug : hello world
[2019-05-04 03:35:16 191]:debug : hello world
[2019-05-04 03:35:19 191]:debug : hello world
[2019-05-04 03:35:20 191]:debug : hello world
[2019-05-04 03:35:48 191]:debug : hello world
[2019-05-04 03:36:10 191]:debug : hello world
[2019-05-04 03:36:23 191]:debug : hello world
[2019-05-04 03:36:24 191]:debug : hello world
[2019-05-04 03:36:24 191]:debug : hello world
[2019-05-04 03:36:24 191]:debug : hello world
[2019-05-04 03:36:45 192]:debug : hello world
[2019-05-04 03:37:09 192]:debug : hello world
[2019-05-04 03:37:10 192]:debug : hello world
[2019-05-04 03:37:11 192]:debug : hello world
[2019-05-04 03:37:12 192]:debug : hello world
[2019-05-04 03:37:13 192]:debug : hello world
[2019-05-04 03:37:13 192]:debug : hello world
[2019-05-04 03:37:14 192]:debug : hello world
[2019-05-04 03:37:36 192]:debug : hello world
[2019-05-04 03:38:10 193]:debug : hello world
[2019-05-04 03:38:34 193]:debug : hello world
[2019-05-04 03:38:53 193]:debug : hello world
